[2023-10-24 03:04:20] local.ERROR: syntax error, unexpected token "}" {"exception":"[object] (ParseError(code: 0): syntax error, unexpected token \"}\" at C:\\xampp\\htdocs\\api\\app\\Http\\Controllers\\WordcampController.php:287)
[stacktrace]
#0 C:\\xampp\\htdocs\\api\\vendor\\composer\\ClassLoader.php(427): Composer\\Autoload\\{closure}('C:\\\\xampp\\\\htdocs...')
#1 [internal function]: Composer\\Autoload\\ClassLoader->loadClass('App\\\\Http\\\\Contro...')
#2 C:\\xampp\\htdocs\\api\\vendor\\illuminate\\container\\Container.php(912): ReflectionClass->__construct('App\\\\Http\\\\Contro...')
#3 C:\\xampp\\htdocs\\api\\vendor\\illuminate\\container\\Container.php(795): Illuminate\\Container\\Container->build('App\\\\Http\\\\Contro...')
#4 C:\\xampp\\htdocs\\api\\vendor\\illuminate\\container\\Container.php(731): Illuminate\\Container\\Container->resolve('App\\\\Http\\\\Contro...', Array)
#5 C:\\xampp\\htdocs\\api\\vendor\\laravel\\lumen-framework\\src\\Application.php(327): Illuminate\\Container\\Container->make('App\\\\Http\\\\Contro...', Array)
#6 C:\\xampp\\htdocs\\api\\vendor\\laravel\\lumen-framework\\src\\Concerns\\RoutesRequests.php(326): Laravel\\Lumen\\Application->make('App\\\\Http\\\\Contro...')
#7 C:\\xampp\\htdocs\\api\\vendor\\laravel\\lumen-framework\\src\\Concerns\\RoutesRequests.php(284): Laravel\\Lumen\\Application->callControllerAction(Array)
#8 C:\\xampp\\htdocs\\api\\vendor\\laravel\\lumen-framework\\src\\Concerns\\RoutesRequests.php(269): Laravel\\Lumen\\Application->callActionOnArrayBasedRoute(Array)
#9 C:\\xampp\\htdocs\\api\\vendor\\laravel\\lumen-framework\\src\\Concerns\\RoutesRequests.php(239): Laravel\\Lumen\\Application->handleFoundRoute(Array)
#10 C:\\xampp\\htdocs\\api\\vendor\\laravel\\lumen-framework\\src\\Concerns\\RoutesRequests.php(174): Laravel\\Lumen\\Application->handleDispatcherResponse(Array)
#11 C:\\xampp\\htdocs\\api\\vendor\\laravel\\lumen-framework\\src\\Routing\\Pipeline.php(48): Laravel\\Lumen\\Application->Laravel\\Lumen\\Concerns\\{closure}(Object(Laravel\\Lumen\\Http\\Request))
#12 C:\\xampp\\htdocs\\api\\app\\Http\\Middleware\\CorsMiddleware.php(23): Laravel\\Lumen\\Routing\\Pipeline->Laravel\\Lumen\\Routing\\{closure}(Object(Laravel\\Lumen\\Http\\Request))
#13 C:\\xampp\\htdocs\\api\\vendor\\illuminate\\pipeline\\Pipeline.php(180): App\\Http\\Middleware\\CorsMiddleware->handle(Object(Laravel\\Lumen\\Http\\Request), Object(Closure))
#14 C:\\xampp\\htdocs\\api\\vendor\\laravel\\lumen-framework\\src\\Routing\\Pipeline.php(30): Illuminate\\Pipeline\\Pipeline->Illuminate\\Pipeline\\{closure}(Object(Laravel\\Lumen\\Http\\Request))
#15 C:\\xampp\\htdocs\\api\\app\\Http\\Middleware\\ExampleMiddleware.php(18): Laravel\\Lumen\\Routing\\Pipeline->Laravel\\Lumen\\Routing\\{closure}(Object(Laravel\\Lumen\\Http\\Request))
#16 C:\\xampp\\htdocs\\api\\vendor\\illuminate\\pipeline\\Pipeline.php(180): App\\Http\\Middleware\\ExampleMiddleware->handle(Object(Laravel\\Lumen\\Http\\Request), Object(Closure))
#17 C:\\xampp\\htdocs\\api\\vendor\\laravel\\lumen-framework\\src\\Routing\\Pipeline.php(30): Illuminate\\Pipeline\\Pipeline->Illuminate\\Pipeline\\{closure}(Object(Laravel\\Lumen\\Http\\Request))
#18 C:\\xampp\\htdocs\\api\\vendor\\illuminate\\pipeline\\Pipeline.php(116): Laravel\\Lumen\\Routing\\Pipeline->Laravel\\Lumen\\Routing\\{closure}(Object(Laravel\\Lumen\\Http\\Request))
#19 C:\\xampp\\htdocs\\api\\vendor\\laravel\\lumen-framework\\src\\Concerns\\RoutesRequests.php(428): Illuminate\\Pipeline\\Pipeline->then(Object(Closure))
#20 C:\\xampp\\htdocs\\api\\vendor\\laravel\\lumen-framework\\src\\Concerns\\RoutesRequests.php(167): Laravel\\Lumen\\Application->sendThroughPipeline(Array, Object(Closure))
#21 C:\\xampp\\htdocs\\api\\vendor\\laravel\\lumen-framework\\src\\Concerns\\RoutesRequests.php(112): Laravel\\Lumen\\Application->dispatch(NULL)
#22 C:\\xampp\\htdocs\\api\\index.php(28): Laravel\\Lumen\\Application->run()
#23 {main}
"} 
[2023-10-24 03:04:21] local.ERROR: syntax error, unexpected token "}" {"exception":"[object] (ParseError(code: 0): syntax error, unexpected token \"}\" at C:\\xampp\\htdocs\\api\\app\\Http\\Controllers\\WordcampController.php:287)
[stacktrace]
#0 C:\\xampp\\htdocs\\api\\vendor\\composer\\ClassLoader.php(427): Composer\\Autoload\\{closure}('C:\\\\xampp\\\\htdocs...')
#1 [internal function]: Composer\\Autoload\\ClassLoader->loadClass('App\\\\Http\\\\Contro...')
#2 C:\\xampp\\htdocs\\api\\vendor\\illuminate\\container\\Container.php(912): ReflectionClass->__construct('App\\\\Http\\\\Contro...')
#3 C:\\xampp\\htdocs\\api\\vendor\\illuminate\\container\\Container.php(795): Illuminate\\Container\\Container->build('App\\\\Http\\\\Contro...')
#4 C:\\xampp\\htdocs\\api\\vendor\\illuminate\\container\\Container.php(731): Illuminate\\Container\\Container->resolve('App\\\\Http\\\\Contro...', Array)
#5 C:\\xampp\\htdocs\\api\\vendor\\laravel\\lumen-framework\\src\\Application.php(327): Illuminate\\Container\\Container->make('App\\\\Http\\\\Contro...', Array)
#6 C:\\xampp\\htdocs\\api\\vendor\\laravel\\lumen-framework\\src\\Concerns\\RoutesRequests.php(326): Laravel\\Lumen\\Application->make('App\\\\Http\\\\Contro...')
#7 C:\\xampp\\htdocs\\api\\vendor\\laravel\\lumen-framework\\src\\Concerns\\RoutesRequests.php(284): Laravel\\Lumen\\Application->callControllerAction(Array)
#8 C:\\xampp\\htdocs\\api\\vendor\\laravel\\lumen-framework\\src\\Concerns\\RoutesRequests.php(269): Laravel\\Lumen\\Application->callActionOnArrayBasedRoute(Array)
#9 C:\\xampp\\htdocs\\api\\vendor\\laravel\\lumen-framework\\src\\Concerns\\RoutesRequests.php(239): Laravel\\Lumen\\Application->handleFoundRoute(Array)
#10 C:\\xampp\\htdocs\\api\\vendor\\laravel\\lumen-framework\\src\\Concerns\\RoutesRequests.php(174): Laravel\\Lumen\\Application->handleDispatcherResponse(Array)
#11 C:\\xampp\\htdocs\\api\\vendor\\laravel\\lumen-framework\\src\\Routing\\Pipeline.php(48): Laravel\\Lumen\\Application->Laravel\\Lumen\\Concerns\\{closure}(Object(Laravel\\Lumen\\Http\\Request))
#12 C:\\xampp\\htdocs\\api\\app\\Http\\Middleware\\CorsMiddleware.php(23): Laravel\\Lumen\\Routing\\Pipeline->Laravel\\Lumen\\Routing\\{closure}(Object(Laravel\\Lumen\\Http\\Request))
#13 C:\\xampp\\htdocs\\api\\vendor\\illuminate\\pipeline\\Pipeline.php(180): App\\Http\\Middleware\\CorsMiddleware->handle(Object(Laravel\\Lumen\\Http\\Request), Object(Closure))
#14 C:\\xampp\\htdocs\\api\\vendor\\laravel\\lumen-framework\\src\\Routing\\Pipeline.php(30): Illuminate\\Pipeline\\Pipeline->Illuminate\\Pipeline\\{closure}(Object(Laravel\\Lumen\\Http\\Request))
#15 C:\\xampp\\htdocs\\api\\app\\Http\\Middleware\\ExampleMiddleware.php(18): Laravel\\Lumen\\Routing\\Pipeline->Laravel\\Lumen\\Routing\\{closure}(Object(Laravel\\Lumen\\Http\\Request))
#16 C:\\xampp\\htdocs\\api\\vendor\\illuminate\\pipeline\\Pipeline.php(180): App\\Http\\Middleware\\ExampleMiddleware->handle(Object(Laravel\\Lumen\\Http\\Request), Object(Closure))
#17 C:\\xampp\\htdocs\\api\\vendor\\laravel\\lumen-framework\\src\\Routing\\Pipeline.php(30): Illuminate\\Pipeline\\Pipeline->Illuminate\\Pipeline\\{closure}(Object(Laravel\\Lumen\\Http\\Request))
#18 C:\\xampp\\htdocs\\api\\vendor\\illuminate\\pipeline\\Pipeline.php(116): Laravel\\Lumen\\Routing\\Pipeline->Laravel\\Lumen\\Routing\\{closure}(Object(Laravel\\Lumen\\Http\\Request))
#19 C:\\xampp\\htdocs\\api\\vendor\\laravel\\lumen-framework\\src\\Concerns\\RoutesRequests.php(428): Illuminate\\Pipeline\\Pipeline->then(Object(Closure))
#20 C:\\xampp\\htdocs\\api\\vendor\\laravel\\lumen-framework\\src\\Concerns\\RoutesRequests.php(167): Laravel\\Lumen\\Application->sendThroughPipeline(Array, Object(Closure))
#21 C:\\xampp\\htdocs\\api\\vendor\\laravel\\lumen-framework\\src\\Concerns\\RoutesRequests.php(112): Laravel\\Lumen\\Application->dispatch(NULL)
#22 C:\\xampp\\htdocs\\api\\index.php(28): Laravel\\Lumen\\Application->run()
#23 {main}
"} 
[2023-10-24 03:04:24] local.ERROR: syntax error, unexpected token "}" {"exception":"[object] (ParseError(code: 0): syntax error, unexpected token \"}\" at C:\\xampp\\htdocs\\api\\app\\Http\\Controllers\\WordcampController.php:287)
[stacktrace]
#0 C:\\xampp\\htdocs\\api\\vendor\\composer\\ClassLoader.php(427): Composer\\Autoload\\{closure}('C:\\\\xampp\\\\htdocs...')
#1 [internal function]: Composer\\Autoload\\ClassLoader->loadClass('App\\\\Http\\\\Contro...')
#2 C:\\xampp\\htdocs\\api\\vendor\\illuminate\\container\\Container.php(912): ReflectionClass->__construct('App\\\\Http\\\\Contro...')
#3 C:\\xampp\\htdocs\\api\\vendor\\illuminate\\container\\Container.php(795): Illuminate\\Container\\Container->build('App\\\\Http\\\\Contro...')
#4 C:\\xampp\\htdocs\\api\\vendor\\illuminate\\container\\Container.php(731): Illuminate\\Container\\Container->resolve('App\\\\Http\\\\Contro...', Array)
#5 C:\\xampp\\htdocs\\api\\vendor\\laravel\\lumen-framework\\src\\Application.php(327): Illuminate\\Container\\Container->make('App\\\\Http\\\\Contro...', Array)
#6 C:\\xampp\\htdocs\\api\\vendor\\laravel\\lumen-framework\\src\\Concerns\\RoutesRequests.php(326): Laravel\\Lumen\\Application->make('App\\\\Http\\\\Contro...')
#7 C:\\xampp\\htdocs\\api\\vendor\\laravel\\lumen-framework\\src\\Concerns\\RoutesRequests.php(284): Laravel\\Lumen\\Application->callControllerAction(Array)
#8 C:\\xampp\\htdocs\\api\\vendor\\laravel\\lumen-framework\\src\\Concerns\\RoutesRequests.php(269): Laravel\\Lumen\\Application->callActionOnArrayBasedRoute(Array)
#9 C:\\xampp\\htdocs\\api\\vendor\\laravel\\lumen-framework\\src\\Concerns\\RoutesRequests.php(171): Laravel\\Lumen\\Application->handleFoundRoute(Array)
#10 C:\\xampp\\htdocs\\api\\vendor\\laravel\\lumen-framework\\src\\Routing\\Pipeline.php(48): Laravel\\Lumen\\Application->Laravel\\Lumen\\Concerns\\{closure}(Object(Laravel\\Lumen\\Http\\Request))
#11 C:\\xampp\\htdocs\\api\\app\\Http\\Middleware\\CorsMiddleware.php(23): Laravel\\Lumen\\Routing\\Pipeline->Laravel\\Lumen\\Routing\\{closure}(Object(Laravel\\Lumen\\Http\\Request))
#12 C:\\xampp\\htdocs\\api\\vendor\\illuminate\\pipeline\\Pipeline.php(180): App\\Http\\Middleware\\CorsMiddleware->handle(Object(Laravel\\Lumen\\Http\\Request), Object(Closure))
#13 C:\\xampp\\htdocs\\api\\vendor\\laravel\\lumen-framework\\src\\Routing\\Pipeline.php(30): Illuminate\\Pipeline\\Pipeline->Illuminate\\Pipeline\\{closure}(Object(Laravel\\Lumen\\Http\\Request))
#14 C:\\xampp\\htdocs\\api\\app\\Http\\Middleware\\ExampleMiddleware.php(18): Laravel\\Lumen\\Routing\\Pipeline->Laravel\\Lumen\\Routing\\{closure}(Object(Laravel\\Lumen\\Http\\Request))
#15 C:\\xampp\\htdocs\\api\\vendor\\illuminate\\pipeline\\Pipeline.php(180): App\\Http\\Middleware\\ExampleMiddleware->handle(Object(Laravel\\Lumen\\Http\\Request), Object(Closure))
#16 C:\\xampp\\htdocs\\api\\vendor\\laravel\\lumen-framework\\src\\Routing\\Pipeline.php(30): Illuminate\\Pipeline\\Pipeline->Illuminate\\Pipeline\\{closure}(Object(Laravel\\Lumen\\Http\\Request))
#17 C:\\xampp\\htdocs\\api\\vendor\\illuminate\\pipeline\\Pipeline.php(116): Laravel\\Lumen\\Routing\\Pipeline->Laravel\\Lumen\\Routing\\{closure}(Object(Laravel\\Lumen\\Http\\Request))
#18 C:\\xampp\\htdocs\\api\\vendor\\laravel\\lumen-framework\\src\\Concerns\\RoutesRequests.php(428): Illuminate\\Pipeline\\Pipeline->then(Object(Closure))
#19 C:\\xampp\\htdocs\\api\\vendor\\laravel\\lumen-framework\\src\\Concerns\\RoutesRequests.php(167): Laravel\\Lumen\\Application->sendThroughPipeline(Array, Object(Closure))
#20 C:\\xampp\\htdocs\\api\\vendor\\laravel\\lumen-framework\\src\\Concerns\\RoutesRequests.php(112): Laravel\\Lumen\\Application->dispatch(NULL)
#21 C:\\xampp\\htdocs\\api\\index.php(28): Laravel\\Lumen\\Application->run()
#22 {main}
"} 
[2023-10-24 03:04:28] local.ERROR: syntax error, unexpected token "}" {"exception":"[object] (ParseError(code: 0): syntax error, unexpected token \"}\" at C:\\xampp\\htdocs\\api\\app\\Http\\Controllers\\WordcampController.php:287)
[stacktrace]
#0 C:\\xampp\\htdocs\\api\\vendor\\composer\\ClassLoader.php(427): Composer\\Autoload\\{closure}('C:\\\\xampp\\\\htdocs...')
#1 [internal function]: Composer\\Autoload\\ClassLoader->loadClass('App\\\\Http\\\\Contro...')
#2 C:\\xampp\\htdocs\\api\\vendor\\illuminate\\container\\Container.php(912): ReflectionClass->__construct('App\\\\Http\\\\Contro...')
#3 C:\\xampp\\htdocs\\api\\vendor\\illuminate\\container\\Container.php(795): Illuminate\\Container\\Container->build('App\\\\Http\\\\Contro...')
#4 C:\\xampp\\htdocs\\api\\vendor\\illuminate\\container\\Container.php(731): Illuminate\\Container\\Container->resolve('App\\\\Http\\\\Contro...', Array)
#5 C:\\xampp\\htdocs\\api\\vendor\\laravel\\lumen-framework\\src\\Application.php(327): Illuminate\\Container\\Container->make('App\\\\Http\\\\Contro...', Array)
#6 C:\\xampp\\htdocs\\api\\vendor\\laravel\\lumen-framework\\src\\Concerns\\RoutesRequests.php(326): Laravel\\Lumen\\Application->make('App\\\\Http\\\\Contro...')
#7 C:\\xampp\\htdocs\\api\\vendor\\laravel\\lumen-framework\\src\\Concerns\\RoutesRequests.php(284): Laravel\\Lumen\\Application->callControllerAction(Array)
#8 C:\\xampp\\htdocs\\api\\vendor\\laravel\\lumen-framework\\src\\Concerns\\RoutesRequests.php(269): Laravel\\Lumen\\Application->callActionOnArrayBasedRoute(Array)
#9 C:\\xampp\\htdocs\\api\\vendor\\laravel\\lumen-framework\\src\\Concerns\\RoutesRequests.php(171): Laravel\\Lumen\\Application->handleFoundRoute(Array)
#10 C:\\xampp\\htdocs\\api\\vendor\\laravel\\lumen-framework\\src\\Routing\\Pipeline.php(48): Laravel\\Lumen\\Application->Laravel\\Lumen\\Concerns\\{closure}(Object(Laravel\\Lumen\\Http\\Request))
#11 C:\\xampp\\htdocs\\api\\app\\Http\\Middleware\\CorsMiddleware.php(23): Laravel\\Lumen\\Routing\\Pipeline->Laravel\\Lumen\\Routing\\{closure}(Object(Laravel\\Lumen\\Http\\Request))
#12 C:\\xampp\\htdocs\\api\\vendor\\illuminate\\pipeline\\Pipeline.php(180): App\\Http\\Middleware\\CorsMiddleware->handle(Object(Laravel\\Lumen\\Http\\Request), Object(Closure))
#13 C:\\xampp\\htdocs\\api\\vendor\\laravel\\lumen-framework\\src\\Routing\\Pipeline.php(30): Illuminate\\Pipeline\\Pipeline->Illuminate\\Pipeline\\{closure}(Object(Laravel\\Lumen\\Http\\Request))
#14 C:\\xampp\\htdocs\\api\\app\\Http\\Middleware\\ExampleMiddleware.php(18): Laravel\\Lumen\\Routing\\Pipeline->Laravel\\Lumen\\Routing\\{closure}(Object(Laravel\\Lumen\\Http\\Request))
#15 C:\\xampp\\htdocs\\api\\vendor\\illuminate\\pipeline\\Pipeline.php(180): App\\Http\\Middleware\\ExampleMiddleware->handle(Object(Laravel\\Lumen\\Http\\Request), Object(Closure))
#16 C:\\xampp\\htdocs\\api\\vendor\\laravel\\lumen-framework\\src\\Routing\\Pipeline.php(30): Illuminate\\Pipeline\\Pipeline->Illuminate\\Pipeline\\{closure}(Object(Laravel\\Lumen\\Http\\Request))
#17 C:\\xampp\\htdocs\\api\\vendor\\illuminate\\pipeline\\Pipeline.php(116): Laravel\\Lumen\\Routing\\Pipeline->Laravel\\Lumen\\Routing\\{closure}(Object(Laravel\\Lumen\\Http\\Request))
#18 C:\\xampp\\htdocs\\api\\vendor\\laravel\\lumen-framework\\src\\Concerns\\RoutesRequests.php(428): Illuminate\\Pipeline\\Pipeline->then(Object(Closure))
#19 C:\\xampp\\htdocs\\api\\vendor\\laravel\\lumen-framework\\src\\Concerns\\RoutesRequests.php(167): Laravel\\Lumen\\Application->sendThroughPipeline(Array, Object(Closure))
#20 C:\\xampp\\htdocs\\api\\vendor\\laravel\\lumen-framework\\src\\Concerns\\RoutesRequests.php(112): Laravel\\Lumen\\Application->dispatch(NULL)
#21 C:\\xampp\\htdocs\\api\\index.php(28): Laravel\\Lumen\\Application->run()
#22 {main}
"} 
[2023-10-24 03:04:30] local.ERROR: syntax error, unexpected token "}" {"exception":"[object] (ParseError(code: 0): syntax error, unexpected token \"}\" at C:\\xampp\\htdocs\\api\\app\\Http\\Controllers\\WordcampController.php:287)
[stacktrace]
#0 C:\\xampp\\htdocs\\api\\vendor\\composer\\ClassLoader.php(427): Composer\\Autoload\\{closure}('C:\\\\xampp\\\\htdocs...')
#1 [internal function]: Composer\\Autoload\\ClassLoader->loadClass('App\\\\Http\\\\Contro...')
#2 C:\\xampp\\htdocs\\api\\vendor\\illuminate\\container\\Container.php(912): ReflectionClass->__construct('App\\\\Http\\\\Contro...')
#3 C:\\xampp\\htdocs\\api\\vendor\\illuminate\\container\\Container.php(795): Illuminate\\Container\\Container->build('App\\\\Http\\\\Contro...')
#4 C:\\xampp\\htdocs\\api\\vendor\\illuminate\\container\\Container.php(731): Illuminate\\Container\\Container->resolve('App\\\\Http\\\\Contro...', Array)
#5 C:\\xampp\\htdocs\\api\\vendor\\laravel\\lumen-framework\\src\\Application.php(327): Illuminate\\Container\\Container->make('App\\\\Http\\\\Contro...', Array)
#6 C:\\xampp\\htdocs\\api\\vendor\\laravel\\lumen-framework\\src\\Concerns\\RoutesRequests.php(326): Laravel\\Lumen\\Application->make('App\\\\Http\\\\Contro...')
#7 C:\\xampp\\htdocs\\api\\vendor\\laravel\\lumen-framework\\src\\Concerns\\RoutesRequests.php(284): Laravel\\Lumen\\Application->callControllerAction(Array)
#8 C:\\xampp\\htdocs\\api\\vendor\\laravel\\lumen-framework\\src\\Concerns\\RoutesRequests.php(269): Laravel\\Lumen\\Application->callActionOnArrayBasedRoute(Array)
#9 C:\\xampp\\htdocs\\api\\vendor\\laravel\\lumen-framework\\src\\Concerns\\RoutesRequests.php(171): Laravel\\Lumen\\Application->handleFoundRoute(Array)
#10 C:\\xampp\\htdocs\\api\\vendor\\laravel\\lumen-framework\\src\\Routing\\Pipeline.php(48): Laravel\\Lumen\\Application->Laravel\\Lumen\\Concerns\\{closure}(Object(Laravel\\Lumen\\Http\\Request))
#11 C:\\xampp\\htdocs\\api\\app\\Http\\Middleware\\CorsMiddleware.php(23): Laravel\\Lumen\\Routing\\Pipeline->Laravel\\Lumen\\Routing\\{closure}(Object(Laravel\\Lumen\\Http\\Request))
#12 C:\\xampp\\htdocs\\api\\vendor\\illuminate\\pipeline\\Pipeline.php(180): App\\Http\\Middleware\\CorsMiddleware->handle(Object(Laravel\\Lumen\\Http\\Request), Object(Closure))
#13 C:\\xampp\\htdocs\\api\\vendor\\laravel\\lumen-framework\\src\\Routing\\Pipeline.php(30): Illuminate\\Pipeline\\Pipeline->Illuminate\\Pipeline\\{closure}(Object(Laravel\\Lumen\\Http\\Request))
#14 C:\\xampp\\htdocs\\api\\app\\Http\\Middleware\\ExampleMiddleware.php(18): Laravel\\Lumen\\Routing\\Pipeline->Laravel\\Lumen\\Routing\\{closure}(Object(Laravel\\Lumen\\Http\\Request))
#15 C:\\xampp\\htdocs\\api\\vendor\\illuminate\\pipeline\\Pipeline.php(180): App\\Http\\Middleware\\ExampleMiddleware->handle(Object(Laravel\\Lumen\\Http\\Request), Object(Closure))
#16 C:\\xampp\\htdocs\\api\\vendor\\laravel\\lumen-framework\\src\\Routing\\Pipeline.php(30): Illuminate\\Pipeline\\Pipeline->Illuminate\\Pipeline\\{closure}(Object(Laravel\\Lumen\\Http\\Request))
#17 C:\\xampp\\htdocs\\api\\vendor\\illuminate\\pipeline\\Pipeline.php(116): Laravel\\Lumen\\Routing\\Pipeline->Laravel\\Lumen\\Routing\\{closure}(Object(Laravel\\Lumen\\Http\\Request))
#18 C:\\xampp\\htdocs\\api\\vendor\\laravel\\lumen-framework\\src\\Concerns\\RoutesRequests.php(428): Illuminate\\Pipeline\\Pipeline->then(Object(Closure))
#19 C:\\xampp\\htdocs\\api\\vendor\\laravel\\lumen-framework\\src\\Concerns\\RoutesRequests.php(167): Laravel\\Lumen\\Application->sendThroughPipeline(Array, Object(Closure))
#20 C:\\xampp\\htdocs\\api\\vendor\\laravel\\lumen-framework\\src\\Concerns\\RoutesRequests.php(112): Laravel\\Lumen\\Application->dispatch(NULL)
#21 C:\\xampp\\htdocs\\api\\index.php(28): Laravel\\Lumen\\Application->run()
#22 {main}
"} 
[2023-10-24 03:09:09] local.ERROR: Undefined variable $users {"exception":"[object] (ErrorException(code: 0): Undefined variable $users at C:\\xampp\\htdocs\\api\\app\\Http\\Controllers\\UserController.php:325)
[stacktrace]
#0 C:\\xampp\\htdocs\\api\\vendor\\laravel\\lumen-framework\\src\\Concerns\\RegistersExceptionHandlers.php(47): Laravel\\Lumen\\Application->handleError(2, 'Undefined varia...', 'C:\\\\xampp\\\\htdocs...', 325)
#1 C:\\xampp\\htdocs\\api\\app\\Http\\Controllers\\UserController.php(325): Laravel\\Lumen\\Application->Laravel\\Lumen\\Concerns\\{closure}(2, 'Undefined varia...', 'C:\\\\xampp\\\\htdocs...', 325)
#2 C:\\xampp\\htdocs\\api\\vendor\\illuminate\\container\\BoundMethod.php(36): App\\Http\\Controllers\\UserController->search('inactive')
#3 C:\\xampp\\htdocs\\api\\vendor\\illuminate\\container\\Util.php(41): Illuminate\\Container\\BoundMethod::Illuminate\\Container\\{closure}()
#4 C:\\xampp\\htdocs\\api\\vendor\\illuminate\\container\\BoundMethod.php(93): Illuminate\\Container\\Util::unwrapIfClosure(Object(Closure))
#5 C:\\xampp\\htdocs\\api\\vendor\\illuminate\\container\\BoundMethod.php(35): Illuminate\\Container\\BoundMethod::callBoundMethod(Object(Laravel\\Lumen\\Application), Array, Object(Closure))
#6 C:\\xampp\\htdocs\\api\\vendor\\illuminate\\container\\Container.php(662): Illuminate\\Container\\BoundMethod::call(Object(Laravel\\Lumen\\Application), Array, Array, NULL)
#7 C:\\xampp\\htdocs\\api\\vendor\\laravel\\lumen-framework\\src\\Concerns\\RoutesRequests.php(391): Illuminate\\Container\\Container->call(Array, Array)
#8 C:\\xampp\\htdocs\\api\\vendor\\laravel\\lumen-framework\\src\\Concerns\\RoutesRequests.php(356): Laravel\\Lumen\\Application->callControllerCallable(Array, Array)
#9 C:\\xampp\\htdocs\\api\\vendor\\laravel\\lumen-framework\\src\\Concerns\\RoutesRequests.php(331): Laravel\\Lumen\\Application->callLumenController(Object(App\\Http\\Controllers\\UserController), 'search', Array)
#10 C:\\xampp\\htdocs\\api\\vendor\\laravel\\lumen-framework\\src\\Concerns\\RoutesRequests.php(284): Laravel\\Lumen\\Application->callControllerAction(Array)
#11 C:\\xampp\\htdocs\\api\\vendor\\laravel\\lumen-framework\\src\\Concerns\\RoutesRequests.php(269): Laravel\\Lumen\\Application->callActionOnArrayBasedRoute(Array)
#12 C:\\xampp\\htdocs\\api\\vendor\\laravel\\lumen-framework\\src\\Concerns\\RoutesRequests.php(239): Laravel\\Lumen\\Application->handleFoundRoute(Array)
#13 C:\\xampp\\htdocs\\api\\vendor\\laravel\\lumen-framework\\src\\Concerns\\RoutesRequests.php(174): Laravel\\Lumen\\Application->handleDispatcherResponse(Array)
#14 C:\\xampp\\htdocs\\api\\vendor\\laravel\\lumen-framework\\src\\Routing\\Pipeline.php(48): Laravel\\Lumen\\Application->Laravel\\Lumen\\Concerns\\{closure}(Object(Laravel\\Lumen\\Http\\Request))
#15 C:\\xampp\\htdocs\\api\\app\\Http\\Middleware\\CorsMiddleware.php(23): Laravel\\Lumen\\Routing\\Pipeline->Laravel\\Lumen\\Routing\\{closure}(Object(Laravel\\Lumen\\Http\\Request))
#16 C:\\xampp\\htdocs\\api\\vendor\\illuminate\\pipeline\\Pipeline.php(180): App\\Http\\Middleware\\CorsMiddleware->handle(Object(Laravel\\Lumen\\Http\\Request), Object(Closure))
#17 C:\\xampp\\htdocs\\api\\vendor\\laravel\\lumen-framework\\src\\Routing\\Pipeline.php(30): Illuminate\\Pipeline\\Pipeline->Illuminate\\Pipeline\\{closure}(Object(Laravel\\Lumen\\Http\\Request))
#18 C:\\xampp\\htdocs\\api\\app\\Http\\Middleware\\ExampleMiddleware.php(18): Laravel\\Lumen\\Routing\\Pipeline->Laravel\\Lumen\\Routing\\{closure}(Object(Laravel\\Lumen\\Http\\Request))
#19 C:\\xampp\\htdocs\\api\\vendor\\illuminate\\pipeline\\Pipeline.php(180): App\\Http\\Middleware\\ExampleMiddleware->handle(Object(Laravel\\Lumen\\Http\\Request), Object(Closure))
#20 C:\\xampp\\htdocs\\api\\vendor\\laravel\\lumen-framework\\src\\Routing\\Pipeline.php(30): Illuminate\\Pipeline\\Pipeline->Illuminate\\Pipeline\\{closure}(Object(Laravel\\Lumen\\Http\\Request))
#21 C:\\xampp\\htdocs\\api\\vendor\\illuminate\\pipeline\\Pipeline.php(116): Laravel\\Lumen\\Routing\\Pipeline->Laravel\\Lumen\\Routing\\{closure}(Object(Laravel\\Lumen\\Http\\Request))
#22 C:\\xampp\\htdocs\\api\\vendor\\laravel\\lumen-framework\\src\\Concerns\\RoutesRequests.php(428): Illuminate\\Pipeline\\Pipeline->then(Object(Closure))
#23 C:\\xampp\\htdocs\\api\\vendor\\laravel\\lumen-framework\\src\\Concerns\\RoutesRequests.php(167): Laravel\\Lumen\\Application->sendThroughPipeline(Array, Object(Closure))
#24 C:\\xampp\\htdocs\\api\\vendor\\laravel\\lumen-framework\\src\\Concerns\\RoutesRequests.php(112): Laravel\\Lumen\\Application->dispatch(NULL)
#25 C:\\xampp\\htdocs\\api\\index.php(28): Laravel\\Lumen\\Application->run()
#26 {main}
"} 
[2023-10-24 03:09:10] local.ERROR: Undefined variable $users {"exception":"[object] (ErrorException(code: 0): Undefined variable $users at C:\\xampp\\htdocs\\api\\app\\Http\\Controllers\\UserController.php:325)
[stacktrace]
#0 C:\\xampp\\htdocs\\api\\vendor\\laravel\\lumen-framework\\src\\Concerns\\RegistersExceptionHandlers.php(47): Laravel\\Lumen\\Application->handleError(2, 'Undefined varia...', 'C:\\\\xampp\\\\htdocs...', 325)
#1 C:\\xampp\\htdocs\\api\\app\\Http\\Controllers\\UserController.php(325): Laravel\\Lumen\\Application->Laravel\\Lumen\\Concerns\\{closure}(2, 'Undefined varia...', 'C:\\\\xampp\\\\htdocs...', 325)
#2 C:\\xampp\\htdocs\\api\\vendor\\illuminate\\container\\BoundMethod.php(36): App\\Http\\Controllers\\UserController->search('inactive')
#3 C:\\xampp\\htdocs\\api\\vendor\\illuminate\\container\\Util.php(41): Illuminate\\Container\\BoundMethod::Illuminate\\Container\\{closure}()
#4 C:\\xampp\\htdocs\\api\\vendor\\illuminate\\container\\BoundMethod.php(93): Illuminate\\Container\\Util::unwrapIfClosure(Object(Closure))
#5 C:\\xampp\\htdocs\\api\\vendor\\illuminate\\container\\BoundMethod.php(35): Illuminate\\Container\\BoundMethod::callBoundMethod(Object(Laravel\\Lumen\\Application), Array, Object(Closure))
#6 C:\\xampp\\htdocs\\api\\vendor\\illuminate\\container\\Container.php(662): Illuminate\\Container\\BoundMethod::call(Object(Laravel\\Lumen\\Application), Array, Array, NULL)
#7 C:\\xampp\\htdocs\\api\\vendor\\laravel\\lumen-framework\\src\\Concerns\\RoutesRequests.php(391): Illuminate\\Container\\Container->call(Array, Array)
#8 C:\\xampp\\htdocs\\api\\vendor\\laravel\\lumen-framework\\src\\Concerns\\RoutesRequests.php(356): Laravel\\Lumen\\Application->callControllerCallable(Array, Array)
#9 C:\\xampp\\htdocs\\api\\vendor\\laravel\\lumen-framework\\src\\Concerns\\RoutesRequests.php(331): Laravel\\Lumen\\Application->callLumenController(Object(App\\Http\\Controllers\\UserController), 'search', Array)
#10 C:\\xampp\\htdocs\\api\\vendor\\laravel\\lumen-framework\\src\\Concerns\\RoutesRequests.php(284): Laravel\\Lumen\\Application->callControllerAction(Array)
#11 C:\\xampp\\htdocs\\api\\vendor\\laravel\\lumen-framework\\src\\Concerns\\RoutesRequests.php(269): Laravel\\Lumen\\Application->callActionOnArrayBasedRoute(Array)
#12 C:\\xampp\\htdocs\\api\\vendor\\laravel\\lumen-framework\\src\\Concerns\\RoutesRequests.php(239): Laravel\\Lumen\\Application->handleFoundRoute(Array)
#13 C:\\xampp\\htdocs\\api\\vendor\\laravel\\lumen-framework\\src\\Concerns\\RoutesRequests.php(174): Laravel\\Lumen\\Application->handleDispatcherResponse(Array)
#14 C:\\xampp\\htdocs\\api\\vendor\\laravel\\lumen-framework\\src\\Routing\\Pipeline.php(48): Laravel\\Lumen\\Application->Laravel\\Lumen\\Concerns\\{closure}(Object(Laravel\\Lumen\\Http\\Request))
#15 C:\\xampp\\htdocs\\api\\app\\Http\\Middleware\\CorsMiddleware.php(23): Laravel\\Lumen\\Routing\\Pipeline->Laravel\\Lumen\\Routing\\{closure}(Object(Laravel\\Lumen\\Http\\Request))
#16 C:\\xampp\\htdocs\\api\\vendor\\illuminate\\pipeline\\Pipeline.php(180): App\\Http\\Middleware\\CorsMiddleware->handle(Object(Laravel\\Lumen\\Http\\Request), Object(Closure))
#17 C:\\xampp\\htdocs\\api\\vendor\\laravel\\lumen-framework\\src\\Routing\\Pipeline.php(30): Illuminate\\Pipeline\\Pipeline->Illuminate\\Pipeline\\{closure}(Object(Laravel\\Lumen\\Http\\Request))
#18 C:\\xampp\\htdocs\\api\\app\\Http\\Middleware\\ExampleMiddleware.php(18): Laravel\\Lumen\\Routing\\Pipeline->Laravel\\Lumen\\Routing\\{closure}(Object(Laravel\\Lumen\\Http\\Request))
#19 C:\\xampp\\htdocs\\api\\vendor\\illuminate\\pipeline\\Pipeline.php(180): App\\Http\\Middleware\\ExampleMiddleware->handle(Object(Laravel\\Lumen\\Http\\Request), Object(Closure))
#20 C:\\xampp\\htdocs\\api\\vendor\\laravel\\lumen-framework\\src\\Routing\\Pipeline.php(30): Illuminate\\Pipeline\\Pipeline->Illuminate\\Pipeline\\{closure}(Object(Laravel\\Lumen\\Http\\Request))
#21 C:\\xampp\\htdocs\\api\\vendor\\illuminate\\pipeline\\Pipeline.php(116): Laravel\\Lumen\\Routing\\Pipeline->Laravel\\Lumen\\Routing\\{closure}(Object(Laravel\\Lumen\\Http\\Request))
#22 C:\\xampp\\htdocs\\api\\vendor\\laravel\\lumen-framework\\src\\Concerns\\RoutesRequests.php(428): Illuminate\\Pipeline\\Pipeline->then(Object(Closure))
#23 C:\\xampp\\htdocs\\api\\vendor\\laravel\\lumen-framework\\src\\Concerns\\RoutesRequests.php(167): Laravel\\Lumen\\Application->sendThroughPipeline(Array, Object(Closure))
#24 C:\\xampp\\htdocs\\api\\vendor\\laravel\\lumen-framework\\src\\Concerns\\RoutesRequests.php(112): Laravel\\Lumen\\Application->dispatch(NULL)
#25 C:\\xampp\\htdocs\\api\\index.php(28): Laravel\\Lumen\\Application->run()
#26 {main}
"} 
[2023-10-24 03:09:11] local.ERROR: Undefined variable $users {"exception":"[object] (ErrorException(code: 0): Undefined variable $users at C:\\xampp\\htdocs\\api\\app\\Http\\Controllers\\UserController.php:325)
[stacktrace]
#0 C:\\xampp\\htdocs\\api\\vendor\\laravel\\lumen-framework\\src\\Concerns\\RegistersExceptionHandlers.php(47): Laravel\\Lumen\\Application->handleError(2, 'Undefined varia...', 'C:\\\\xampp\\\\htdocs...', 325)
#1 C:\\xampp\\htdocs\\api\\app\\Http\\Controllers\\UserController.php(325): Laravel\\Lumen\\Application->Laravel\\Lumen\\Concerns\\{closure}(2, 'Undefined varia...', 'C:\\\\xampp\\\\htdocs...', 325)
#2 C:\\xampp\\htdocs\\api\\vendor\\illuminate\\container\\BoundMethod.php(36): App\\Http\\Controllers\\UserController->search('inactive')
#3 C:\\xampp\\htdocs\\api\\vendor\\illuminate\\container\\Util.php(41): Illuminate\\Container\\BoundMethod::Illuminate\\Container\\{closure}()
#4 C:\\xampp\\htdocs\\api\\vendor\\illuminate\\container\\BoundMethod.php(93): Illuminate\\Container\\Util::unwrapIfClosure(Object(Closure))
#5 C:\\xampp\\htdocs\\api\\vendor\\illuminate\\container\\BoundMethod.php(35): Illuminate\\Container\\BoundMethod::callBoundMethod(Object(Laravel\\Lumen\\Application), Array, Object(Closure))
#6 C:\\xampp\\htdocs\\api\\vendor\\illuminate\\container\\Container.php(662): Illuminate\\Container\\BoundMethod::call(Object(Laravel\\Lumen\\Application), Array, Array, NULL)
#7 C:\\xampp\\htdocs\\api\\vendor\\laravel\\lumen-framework\\src\\Concerns\\RoutesRequests.php(391): Illuminate\\Container\\Container->call(Array, Array)
#8 C:\\xampp\\htdocs\\api\\vendor\\laravel\\lumen-framework\\src\\Concerns\\RoutesRequests.php(356): Laravel\\Lumen\\Application->callControllerCallable(Array, Array)
#9 C:\\xampp\\htdocs\\api\\vendor\\laravel\\lumen-framework\\src\\Concerns\\RoutesRequests.php(331): Laravel\\Lumen\\Application->callLumenController(Object(App\\Http\\Controllers\\UserController), 'search', Array)
#10 C:\\xampp\\htdocs\\api\\vendor\\laravel\\lumen-framework\\src\\Concerns\\RoutesRequests.php(284): Laravel\\Lumen\\Application->callControllerAction(Array)
#11 C:\\xampp\\htdocs\\api\\vendor\\laravel\\lumen-framework\\src\\Concerns\\RoutesRequests.php(269): Laravel\\Lumen\\Application->callActionOnArrayBasedRoute(Array)
#12 C:\\xampp\\htdocs\\api\\vendor\\laravel\\lumen-framework\\src\\Concerns\\RoutesRequests.php(239): Laravel\\Lumen\\Application->handleFoundRoute(Array)
#13 C:\\xampp\\htdocs\\api\\vendor\\laravel\\lumen-framework\\src\\Concerns\\RoutesRequests.php(174): Laravel\\Lumen\\Application->handleDispatcherResponse(Array)
#14 C:\\xampp\\htdocs\\api\\vendor\\laravel\\lumen-framework\\src\\Routing\\Pipeline.php(48): Laravel\\Lumen\\Application->Laravel\\Lumen\\Concerns\\{closure}(Object(Laravel\\Lumen\\Http\\Request))
#15 C:\\xampp\\htdocs\\api\\app\\Http\\Middleware\\CorsMiddleware.php(23): Laravel\\Lumen\\Routing\\Pipeline->Laravel\\Lumen\\Routing\\{closure}(Object(Laravel\\Lumen\\Http\\Request))
#16 C:\\xampp\\htdocs\\api\\vendor\\illuminate\\pipeline\\Pipeline.php(180): App\\Http\\Middleware\\CorsMiddleware->handle(Object(Laravel\\Lumen\\Http\\Request), Object(Closure))
#17 C:\\xampp\\htdocs\\api\\vendor\\laravel\\lumen-framework\\src\\Routing\\Pipeline.php(30): Illuminate\\Pipeline\\Pipeline->Illuminate\\Pipeline\\{closure}(Object(Laravel\\Lumen\\Http\\Request))
#18 C:\\xampp\\htdocs\\api\\app\\Http\\Middleware\\ExampleMiddleware.php(18): Laravel\\Lumen\\Routing\\Pipeline->Laravel\\Lumen\\Routing\\{closure}(Object(Laravel\\Lumen\\Http\\Request))
#19 C:\\xampp\\htdocs\\api\\vendor\\illuminate\\pipeline\\Pipeline.php(180): App\\Http\\Middleware\\ExampleMiddleware->handle(Object(Laravel\\Lumen\\Http\\Request), Object(Closure))
#20 C:\\xampp\\htdocs\\api\\vendor\\laravel\\lumen-framework\\src\\Routing\\Pipeline.php(30): Illuminate\\Pipeline\\Pipeline->Illuminate\\Pipeline\\{closure}(Object(Laravel\\Lumen\\Http\\Request))
#21 C:\\xampp\\htdocs\\api\\vendor\\illuminate\\pipeline\\Pipeline.php(116): Laravel\\Lumen\\Routing\\Pipeline->Laravel\\Lumen\\Routing\\{closure}(Object(Laravel\\Lumen\\Http\\Request))
#22 C:\\xampp\\htdocs\\api\\vendor\\laravel\\lumen-framework\\src\\Concerns\\RoutesRequests.php(428): Illuminate\\Pipeline\\Pipeline->then(Object(Closure))
#23 C:\\xampp\\htdocs\\api\\vendor\\laravel\\lumen-framework\\src\\Concerns\\RoutesRequests.php(167): Laravel\\Lumen\\Application->sendThroughPipeline(Array, Object(Closure))
#24 C:\\xampp\\htdocs\\api\\vendor\\laravel\\lumen-framework\\src\\Concerns\\RoutesRequests.php(112): Laravel\\Lumen\\Application->dispatch(NULL)
#25 C:\\xampp\\htdocs\\api\\index.php(28): Laravel\\Lumen\\Application->run()
#26 {main}
"} 
[2023-10-24 03:17:18] local.ERROR: SQLSTATE[HY000] [1045] Access denied for user 'forge'@'localhost' (using password: NO) (Connection: mysql, SQL: select count(*) as aggregate from `wordcamps` where `pais` like %di% or `estado` like %di% or `activo` like %di% or `ano` like %di% or `formato` like %di%) {"exception":"[object] (Illuminate\\Database\\QueryException(code: 1045): SQLSTATE[HY000] [1045] Access denied for user 'forge'@'localhost' (using password: NO) (Connection: mysql, SQL: select count(*) as aggregate from `wordcamps` where `pais` like %di% or `estado` like %di% or `activo` like %di% or `ano` like %di% or `formato` like %di%) at C:\\xampp\\htdocs\\api\\vendor\\illuminate\\database\\Connection.php:801)
[stacktrace]
#0 C:\\xampp\\htdocs\\api\\vendor\\illuminate\\database\\Connection.php(755): Illuminate\\Database\\Connection->runQueryCallback('select count(*)...', Array, Object(Closure))
#1 C:\\xampp\\htdocs\\api\\vendor\\illuminate\\database\\Connection.php(407): Illuminate\\Database\\Connection->run('select count(*)...', Array, Object(Closure))
#2 C:\\xampp\\htdocs\\api\\vendor\\illuminate\\database\\Query\\Builder.php(2751): Illuminate\\Database\\Connection->select('select count(*)...', Array, true)
#3 C:\\xampp\\htdocs\\api\\vendor\\illuminate\\database\\Query\\Builder.php(2740): Illuminate\\Database\\Query\\Builder->runSelect()
#4 C:\\xampp\\htdocs\\api\\vendor\\illuminate\\database\\Query\\Builder.php(3294): Illuminate\\Database\\Query\\Builder->Illuminate\\Database\\Query\\{closure}()
#5 C:\\xampp\\htdocs\\api\\vendor\\illuminate\\database\\Query\\Builder.php(2739): Illuminate\\Database\\Query\\Builder->onceWithColumns(Array, Object(Closure))
#6 C:\\xampp\\htdocs\\api\\vendor\\illuminate\\database\\Query\\Builder.php(2904): Illuminate\\Database\\Query\\Builder->get()
#7 C:\\xampp\\htdocs\\api\\vendor\\illuminate\\database\\Query\\Builder.php(2863): Illuminate\\Database\\Query\\Builder->runPaginationCountQuery(Array)
#8 C:\\xampp\\htdocs\\api\\vendor\\illuminate\\database\\Eloquent\\Builder.php(921): Illuminate\\Database\\Query\\Builder->getCountForPagination()
#9 C:\\xampp\\htdocs\\api\\app\\Http\\Controllers\\WordcampController.php(296): Illuminate\\Database\\Eloquent\\Builder->paginate(10)
#10 C:\\xampp\\htdocs\\api\\vendor\\illuminate\\container\\BoundMethod.php(36): App\\Http\\Controllers\\WordcampController->search('di')
#11 C:\\xampp\\htdocs\\api\\vendor\\illuminate\\container\\Util.php(41): Illuminate\\Container\\BoundMethod::Illuminate\\Container\\{closure}()
#12 C:\\xampp\\htdocs\\api\\vendor\\illuminate\\container\\BoundMethod.php(93): Illuminate\\Container\\Util::unwrapIfClosure(Object(Closure))
#13 C:\\xampp\\htdocs\\api\\vendor\\illuminate\\container\\BoundMethod.php(35): Illuminate\\Container\\BoundMethod::callBoundMethod(Object(Laravel\\Lumen\\Application), Array, Object(Closure))
#14 C:\\xampp\\htdocs\\api\\vendor\\illuminate\\container\\Container.php(662): Illuminate\\Container\\BoundMethod::call(Object(Laravel\\Lumen\\Application), Array, Array, NULL)
#15 C:\\xampp\\htdocs\\api\\vendor\\laravel\\lumen-framework\\src\\Concerns\\RoutesRequests.php(391): Illuminate\\Container\\Container->call(Array, Array)
#16 C:\\xampp\\htdocs\\api\\vendor\\laravel\\lumen-framework\\src\\Concerns\\RoutesRequests.php(356): Laravel\\Lumen\\Application->callControllerCallable(Array, Array)
#17 C:\\xampp\\htdocs\\api\\vendor\\laravel\\lumen-framework\\src\\Concerns\\RoutesRequests.php(331): Laravel\\Lumen\\Application->callLumenController(Object(App\\Http\\Controllers\\WordcampController), 'search', Array)
#18 C:\\xampp\\htdocs\\api\\vendor\\laravel\\lumen-framework\\src\\Concerns\\RoutesRequests.php(284): Laravel\\Lumen\\Application->callControllerAction(Array)
#19 C:\\xampp\\htdocs\\api\\vendor\\laravel\\lumen-framework\\src\\Concerns\\RoutesRequests.php(269): Laravel\\Lumen\\Application->callActionOnArrayBasedRoute(Array)
#20 C:\\xampp\\htdocs\\api\\vendor\\laravel\\lumen-framework\\src\\Concerns\\RoutesRequests.php(239): Laravel\\Lumen\\Application->handleFoundRoute(Array)
#21 C:\\xampp\\htdocs\\api\\vendor\\laravel\\lumen-framework\\src\\Concerns\\RoutesRequests.php(174): Laravel\\Lumen\\Application->handleDispatcherResponse(Array)
#22 C:\\xampp\\htdocs\\api\\vendor\\laravel\\lumen-framework\\src\\Routing\\Pipeline.php(48): Laravel\\Lumen\\Application->Laravel\\Lumen\\Concerns\\{closure}(Object(Laravel\\Lumen\\Http\\Request))
#23 C:\\xampp\\htdocs\\api\\app\\Http\\Middleware\\CorsMiddleware.php(23): Laravel\\Lumen\\Routing\\Pipeline->Laravel\\Lumen\\Routing\\{closure}(Object(Laravel\\Lumen\\Http\\Request))
#24 C:\\xampp\\htdocs\\api\\vendor\\illuminate\\pipeline\\Pipeline.php(180): App\\Http\\Middleware\\CorsMiddleware->handle(Object(Laravel\\Lumen\\Http\\Request), Object(Closure))
#25 C:\\xampp\\htdocs\\api\\vendor\\laravel\\lumen-framework\\src\\Routing\\Pipeline.php(30): Illuminate\\Pipeline\\Pipeline->Illuminate\\Pipeline\\{closure}(Object(Laravel\\Lumen\\Http\\Request))
#26 C:\\xampp\\htdocs\\api\\app\\Http\\Middleware\\ExampleMiddleware.php(18): Laravel\\Lumen\\Routing\\Pipeline->Laravel\\Lumen\\Routing\\{closure}(Object(Laravel\\Lumen\\Http\\Request))
#27 C:\\xampp\\htdocs\\api\\vendor\\illuminate\\pipeline\\Pipeline.php(180): App\\Http\\Middleware\\ExampleMiddleware->handle(Object(Laravel\\Lumen\\Http\\Request), Object(Closure))
#28 C:\\xampp\\htdocs\\api\\vendor\\laravel\\lumen-framework\\src\\Routing\\Pipeline.php(30): Illuminate\\Pipeline\\Pipeline->Illuminate\\Pipeline\\{closure}(Object(Laravel\\Lumen\\Http\\Request))
#29 C:\\xampp\\htdocs\\api\\vendor\\illuminate\\pipeline\\Pipeline.php(116): Laravel\\Lumen\\Routing\\Pipeline->Laravel\\Lumen\\Routing\\{closure}(Object(Laravel\\Lumen\\Http\\Request))
#30 C:\\xampp\\htdocs\\api\\vendor\\laravel\\lumen-framework\\src\\Concerns\\RoutesRequests.php(428): Illuminate\\Pipeline\\Pipeline->then(Object(Closure))
#31 C:\\xampp\\htdocs\\api\\vendor\\laravel\\lumen-framework\\src\\Concerns\\RoutesRequests.php(167): Laravel\\Lumen\\Application->sendThroughPipeline(Array, Object(Closure))
#32 C:\\xampp\\htdocs\\api\\vendor\\laravel\\lumen-framework\\src\\Concerns\\RoutesRequests.php(112): Laravel\\Lumen\\Application->dispatch(NULL)
#33 C:\\xampp\\htdocs\\api\\index.php(28): Laravel\\Lumen\\Application->run()
#34 {main}

[previous exception] [object] (PDOException(code: 1045): SQLSTATE[HY000] [1045] Access denied for user 'forge'@'localhost' (using password: NO) at C:\\xampp\\htdocs\\api\\vendor\\illuminate\\database\\Connectors\\Connector.php:65)
[stacktrace]
#0 C:\\xampp\\htdocs\\api\\vendor\\illuminate\\database\\Connectors\\Connector.php(65): PDO->__construct('mysql:host=127....', 'forge', Object(SensitiveParameterValue), Array)
#1 C:\\xampp\\htdocs\\api\\vendor\\illuminate\\database\\Connectors\\Connector.php(44): Illuminate\\Database\\Connectors\\Connector->createPdoConnection('mysql:host=127....', 'forge', '', Array)
#2 C:\\xampp\\htdocs\\api\\vendor\\illuminate\\database\\Connectors\\MySqlConnector.php(24): Illuminate\\Database\\Connectors\\Connector->createConnection('mysql:host=127....', Array, Array)
#3 C:\\xampp\\htdocs\\api\\vendor\\illuminate\\database\\Connectors\\ConnectionFactory.php(184): Illuminate\\Database\\Connectors\\MySqlConnector->connect(Array)
#4 [internal function]: Illuminate\\Database\\Connectors\\ConnectionFactory->Illuminate\\Database\\Connectors\\{closure}()
#5 C:\\xampp\\htdocs\\api\\vendor\\illuminate\\database\\Connection.php(1292): call_user_func(Object(Closure))
#6 C:\\xampp\\htdocs\\api\\vendor\\illuminate\\database\\Connection.php(1328): Illuminate\\Database\\Connection->getPdo()
#7 C:\\xampp\\htdocs\\api\\vendor\\illuminate\\database\\Connection.php(521): Illuminate\\Database\\Connection->getReadPdo()
#8 C:\\xampp\\htdocs\\api\\vendor\\illuminate\\database\\Connection.php(416): Illuminate\\Database\\Connection->getPdoForSelect(true)
#9 C:\\xampp\\htdocs\\api\\vendor\\illuminate\\database\\Connection.php(788): Illuminate\\Database\\Connection->Illuminate\\Database\\{closure}('select count(*)...', Array)
#10 C:\\xampp\\htdocs\\api\\vendor\\illuminate\\database\\Connection.php(755): Illuminate\\Database\\Connection->runQueryCallback('select count(*)...', Array, Object(Closure))
#11 C:\\xampp\\htdocs\\api\\vendor\\illuminate\\database\\Connection.php(407): Illuminate\\Database\\Connection->run('select count(*)...', Array, Object(Closure))
#12 C:\\xampp\\htdocs\\api\\vendor\\illuminate\\database\\Query\\Builder.php(2751): Illuminate\\Database\\Connection->select('select count(*)...', Array, true)
#13 C:\\xampp\\htdocs\\api\\vendor\\illuminate\\database\\Query\\Builder.php(2740): Illuminate\\Database\\Query\\Builder->runSelect()
#14 C:\\xampp\\htdocs\\api\\vendor\\illuminate\\database\\Query\\Builder.php(3294): Illuminate\\Database\\Query\\Builder->Illuminate\\Database\\Query\\{closure}()
#15 C:\\xampp\\htdocs\\api\\vendor\\illuminate\\database\\Query\\Builder.php(2739): Illuminate\\Database\\Query\\Builder->onceWithColumns(Array, Object(Closure))
#16 C:\\xampp\\htdocs\\api\\vendor\\illuminate\\database\\Query\\Builder.php(2904): Illuminate\\Database\\Query\\Builder->get()
#17 C:\\xampp\\htdocs\\api\\vendor\\illuminate\\database\\Query\\Builder.php(2863): Illuminate\\Database\\Query\\Builder->runPaginationCountQuery(Array)
#18 C:\\xampp\\htdocs\\api\\vendor\\illuminate\\database\\Eloquent\\Builder.php(921): Illuminate\\Database\\Query\\Builder->getCountForPagination()
#19 C:\\xampp\\htdocs\\api\\app\\Http\\Controllers\\WordcampController.php(296): Illuminate\\Database\\Eloquent\\Builder->paginate(10)
#20 C:\\xampp\\htdocs\\api\\vendor\\illuminate\\container\\BoundMethod.php(36): App\\Http\\Controllers\\WordcampController->search('di')
#21 C:\\xampp\\htdocs\\api\\vendor\\illuminate\\container\\Util.php(41): Illuminate\\Container\\BoundMethod::Illuminate\\Container\\{closure}()
#22 C:\\xampp\\htdocs\\api\\vendor\\illuminate\\container\\BoundMethod.php(93): Illuminate\\Container\\Util::unwrapIfClosure(Object(Closure))
#23 C:\\xampp\\htdocs\\api\\vendor\\illuminate\\container\\BoundMethod.php(35): Illuminate\\Container\\BoundMethod::callBoundMethod(Object(Laravel\\Lumen\\Application), Array, Object(Closure))
#24 C:\\xampp\\htdocs\\api\\vendor\\illuminate\\container\\Container.php(662): Illuminate\\Container\\BoundMethod::call(Object(Laravel\\Lumen\\Application), Array, Array, NULL)
#25 C:\\xampp\\htdocs\\api\\vendor\\laravel\\lumen-framework\\src\\Concerns\\RoutesRequests.php(391): Illuminate\\Container\\Container->call(Array, Array)
#26 C:\\xampp\\htdocs\\api\\vendor\\laravel\\lumen-framework\\src\\Concerns\\RoutesRequests.php(356): Laravel\\Lumen\\Application->callControllerCallable(Array, Array)
#27 C:\\xampp\\htdocs\\api\\vendor\\laravel\\lumen-framework\\src\\Concerns\\RoutesRequests.php(331): Laravel\\Lumen\\Application->callLumenController(Object(App\\Http\\Controllers\\WordcampController), 'search', Array)
#28 C:\\xampp\\htdocs\\api\\vendor\\laravel\\lumen-framework\\src\\Concerns\\RoutesRequests.php(284): Laravel\\Lumen\\Application->callControllerAction(Array)
#29 C:\\xampp\\htdocs\\api\\vendor\\laravel\\lumen-framework\\src\\Concerns\\RoutesRequests.php(269): Laravel\\Lumen\\Application->callActionOnArrayBasedRoute(Array)
#30 C:\\xampp\\htdocs\\api\\vendor\\laravel\\lumen-framework\\src\\Concerns\\RoutesRequests.php(239): Laravel\\Lumen\\Application->handleFoundRoute(Array)
#31 C:\\xampp\\htdocs\\api\\vendor\\laravel\\lumen-framework\\src\\Concerns\\RoutesRequests.php(174): Laravel\\Lumen\\Application->handleDispatcherResponse(Array)
#32 C:\\xampp\\htdocs\\api\\vendor\\laravel\\lumen-framework\\src\\Routing\\Pipeline.php(48): Laravel\\Lumen\\Application->Laravel\\Lumen\\Concerns\\{closure}(Object(Laravel\\Lumen\\Http\\Request))
#33 C:\\xampp\\htdocs\\api\\app\\Http\\Middleware\\CorsMiddleware.php(23): Laravel\\Lumen\\Routing\\Pipeline->Laravel\\Lumen\\Routing\\{closure}(Object(Laravel\\Lumen\\Http\\Request))
#34 C:\\xampp\\htdocs\\api\\vendor\\illuminate\\pipeline\\Pipeline.php(180): App\\Http\\Middleware\\CorsMiddleware->handle(Object(Laravel\\Lumen\\Http\\Request), Object(Closure))
#35 C:\\xampp\\htdocs\\api\\vendor\\laravel\\lumen-framework\\src\\Routing\\Pipeline.php(30): Illuminate\\Pipeline\\Pipeline->Illuminate\\Pipeline\\{closure}(Object(Laravel\\Lumen\\Http\\Request))
#36 C:\\xampp\\htdocs\\api\\app\\Http\\Middleware\\ExampleMiddleware.php(18): Laravel\\Lumen\\Routing\\Pipeline->Laravel\\Lumen\\Routing\\{closure}(Object(Laravel\\Lumen\\Http\\Request))
#37 C:\\xampp\\htdocs\\api\\vendor\\illuminate\\pipeline\\Pipeline.php(180): App\\Http\\Middleware\\ExampleMiddleware->handle(Object(Laravel\\Lumen\\Http\\Request), Object(Closure))
#38 C:\\xampp\\htdocs\\api\\vendor\\laravel\\lumen-framework\\src\\Routing\\Pipeline.php(30): Illuminate\\Pipeline\\Pipeline->Illuminate\\Pipeline\\{closure}(Object(Laravel\\Lumen\\Http\\Request))
#39 C:\\xampp\\htdocs\\api\\vendor\\illuminate\\pipeline\\Pipeline.php(116): Laravel\\Lumen\\Routing\\Pipeline->Laravel\\Lumen\\Routing\\{closure}(Object(Laravel\\Lumen\\Http\\Request))
#40 C:\\xampp\\htdocs\\api\\vendor\\laravel\\lumen-framework\\src\\Concerns\\RoutesRequests.php(428): Illuminate\\Pipeline\\Pipeline->then(Object(Closure))
#41 C:\\xampp\\htdocs\\api\\vendor\\laravel\\lumen-framework\\src\\Concerns\\RoutesRequests.php(167): Laravel\\Lumen\\Application->sendThroughPipeline(Array, Object(Closure))
#42 C:\\xampp\\htdocs\\api\\vendor\\laravel\\lumen-framework\\src\\Concerns\\RoutesRequests.php(112): Laravel\\Lumen\\Application->dispatch(NULL)
#43 C:\\xampp\\htdocs\\api\\index.php(28): Laravel\\Lumen\\Application->run()
#44 {main}
"} 
